#
# There is insufficient memory for the Java Runtime Environment to continue.
# Native memory allocation (malloc) failed to allocate 1056016 bytes for Chunk::new
# Possible reasons:
#   The system is out of physical RAM or swap space
#   The process is running with CompressedOops enabled, and the Java Heap may be blocking the growth of the native heap
# Possible solutions:
#   Reduce memory load on the system
#   Increase physical memory or swap space
#   Check if swap backing store is full
#   Decrease Java heap size (-Xmx/-Xms)
#   Decrease number of Java threads
#   Decrease Java thread stack sizes (-Xss)
#   Set larger code cache with -XX:ReservedCodeCacheSize=
#   JVM is running with Unscaled Compressed Oops mode in which the Java heap is
#     placed in the first 4GB address space. The Java Heap base address is the
#     maximum limit for the native heap growth. Please use -XX:HeapBaseMinAddress
#     to set the Java Heap base and to place the Java Heap above 4GB virtual address.
# This output file may be truncated or incomplete.
#
#  Out of Memory Error (arena.cpp:191), pid=32076, tid=11220
#
# JRE version: OpenJDK Runtime Environment Temurin-17.0.9+9 (17.0.9+9) (build 17.0.9+9)
# Java VM: OpenJDK 64-Bit Server VM Temurin-17.0.9+9 (17.0.9+9, mixed mode, tiered, compressed oops, compressed class ptrs, g1 gc, windows-amd64)
# No core dump will be written. Minidumps are not enabled by default on client versions of Windows
#

---------------  S U M M A R Y ------------

Command Line: -ea -Dfile.encoding=UTF-8 -Dstdout.encoding=UTF-8 -Dstderr.encoding=UTF-8 -XX:+ShowCodeDetailsInExceptionMessages org.testng.remote.RemoteTestNG -serport 65350 -protocol json -d C:\Users\prashanta\eclipse-workspace\Automation\Advanced_Selenium\test-output C:\Users\PRASHA~1\AppData\Local\Temp\testng-eclipse--1502985398\testng-customsuite.xml

Host: Intel(R) Core(TM) i5-10210U CPU @ 1.60GHz, 8 cores, 7G,  Windows 11 , 64 bit Build 26100 (10.0.26100.4202)
Time: Sun Jun 22 23:17:00 2025 India Standard Time elapsed time: 36.292346 seconds (0d 0h 0m 36s)

---------------  T H R E A D  ---------------

Current thread (0x000001434890b200):  JavaThread "C2 CompilerThread0" daemon [_thread_in_native, id=11220, stack(0x0000000cd0400000,0x0000000cd0500000)]


Current CompileTask:
C2:  36292 3608       4       java.util.TreeMap::put (8 bytes)

Stack: [0x0000000cd0400000,0x0000000cd0500000]
Native frames: (J=compiled Java code, j=interpreted, Vv=VM code, C=native code)
V  [jvm.dll+0x67cf49]
V  [jvm.dll+0x83478a]
V  [jvm.dll+0x83624e]
V  [jvm.dll+0x8368b3]
V  [jvm.dll+0x247f1f]
V  [jvm.dll+0xac43c]
V  [jvm.dll+0xaca8c]
V  [jvm.dll+0x367067]
V  [jvm.dll+0x3313ba]
V  [jvm.dll+0x33085a]
V  [jvm.dll+0x21a5b1]
V  [jvm.dll+0x2199d1]
V  [jvm.dll+0x1a57cd]
V  [jvm.dll+0x2297ae]
V  [jvm.dll+0x22797c]
V  [jvm.dll+0x7e9877]
V  [jvm.dll+0x7e3c3a]
V  [jvm.dll+0x67be35]
C  [ucrtbase.dll+0x37b0]
C  [KERNEL32.DLL+0x2e8d7]
C  [ntdll.dll+0x3c34c]


---------------  P R O C E S S  ---------------

Threads class SMR info:
_java_thread_list=0x000001434e2cf8c0, length=28, elements={
0x000001432e964a80, 0x00000143488c7430, 0x00000143488c7d00, 0x00000143488af320,
0x00000143489053f0, 0x0000014348906090, 0x000001434890a230, 0x000001434890b200,
0x0000014348911f00, 0x00000143489251f0, 0x0000014348a946e0, 0x0000014348a9e6b0,
0x000001434d3e9120, 0x000001434e115a50, 0x000001434ded59e0, 0x000001434e7d0890,
0x000001434dc40010, 0x000001434dc404f0, 0x00000143488ad8f0, 0x00000143488ad3e0,
0x00000143488ade00, 0x00000143488aa650, 0x00000143488aba90, 0x000001434de3b330,
0x000001434de3e5d0, 0x000001434de3dbb0, 0x000001434de3c260, 0x000001434de3c770
}

Java Threads: ( => current thread )
  0x000001432e964a80 JavaThread "Forwarding findElement on session 921fa47874d0744acd22dfec4f63c6c3 to remote" [_thread_blocked, id=36224, stack(0x0000000ccf600000,0x0000000ccf700000)]
  0x00000143488c7430 JavaThread "Reference Handler" daemon [_thread_blocked, id=29896, stack(0x0000000ccfe00000,0x0000000ccff00000)]
  0x00000143488c7d00 JavaThread "Finalizer" daemon [_thread_blocked, id=35040, stack(0x0000000ccff00000,0x0000000cd0000000)]
  0x00000143488af320 JavaThread "Signal Dispatcher" daemon [_thread_blocked, id=16400, stack(0x0000000cd0000000,0x0000000cd0100000)]
  0x00000143489053f0 JavaThread "Attach Listener" daemon [_thread_blocked, id=38692, stack(0x0000000cd0100000,0x0000000cd0200000)]
  0x0000014348906090 JavaThread "Service Thread" daemon [_thread_blocked, id=37392, stack(0x0000000cd0200000,0x0000000cd0300000)]
  0x000001434890a230 JavaThread "Monitor Deflation Thread" daemon [_thread_blocked, id=35964, stack(0x0000000cd0300000,0x0000000cd0400000)]
=>0x000001434890b200 JavaThread "C2 CompilerThread0" daemon [_thread_in_native, id=11220, stack(0x0000000cd0400000,0x0000000cd0500000)]
  0x0000014348911f00 JavaThread "C1 CompilerThread0" daemon [_thread_blocked, id=38320, stack(0x0000000cd0500000,0x0000000cd0600000)]
  0x00000143489251f0 JavaThread "Sweeper thread" daemon [_thread_blocked, id=33296, stack(0x0000000cd0600000,0x0000000cd0700000)]
  0x0000014348a946e0 JavaThread "Notification Thread" daemon [_thread_blocked, id=38616, stack(0x0000000cd0700000,0x0000000cd0800000)]
  0x0000014348a9e6b0 JavaThread "Common-Cleaner" daemon [_thread_blocked, id=9324, stack(0x0000000cd0900000,0x0000000cd0a00000)]
  0x000001434d3e9120 JavaThread "ReaderThread" [_thread_in_native, id=4360, stack(0x0000000cd0c00000,0x0000000cd0d00000)]
  0x000001434e115a50 JavaThread "ForkJoinPool.commonPool-worker-1" daemon [_thread_blocked, id=14488, stack(0x0000000cd0a00000,0x0000000cd0b00000)]
  0x000001434ded59e0 JavaThread "HttpClient-1-SelectorManager" daemon [_thread_in_native, id=28644, stack(0x0000000cd1500000,0x0000000cd1600000)]
  0x000001434e7d0890 JavaThread "External Process Output Forwarder - C:\Users\prashanta\.cache\selenium\chromedriver\win64\137.0.7151.119\chromedriver.exe" daemon [_thread_in_native, id=37904, stack(0x0000000cd1600000,0x0000000cd1700000)]
  0x000001434dc40010 JavaThread "Driver Service Executor" daemon [_thread_blocked, id=25708, stack(0x0000000cd1700000,0x0000000cd1800000)]
  0x000001434dc404f0 JavaThread "Driver Service Executor" daemon [_thread_blocked, id=32888, stack(0x0000000cd1800000,0x0000000cd1900000)]
  0x00000143488ad8f0 JavaThread "UrlChecker-2" daemon [_thread_blocked, id=36852, stack(0x0000000cd1900000,0x0000000cd1a00000)]
  0x00000143488ad3e0 JavaThread "JdkHttpClient-0-0" daemon [_thread_blocked, id=24096, stack(0x0000000cd1b00000,0x0000000cd1c00000)]
  0x00000143488ade00 JavaThread "CompletableFutureDelayScheduler" daemon [_thread_blocked, id=36456, stack(0x0000000cd1c00000,0x0000000cd1d00000)]
  0x00000143488aa650 JavaThread "JdkHttpClient-0-1" daemon [_thread_blocked, id=38136, stack(0x0000000cd1d00000,0x0000000cd1e00000)]
  0x00000143488aba90 JavaThread "JdkHttpClient-0-2" daemon [_thread_blocked, id=14692, stack(0x0000000cd1e00000,0x0000000cd1f00000)]
  0x000001434de3b330 JavaThread "JdkHttpClient-0-3" daemon [_thread_blocked, id=12676, stack(0x0000000cd1f00000,0x0000000cd2000000)]
  0x000001434de3e5d0 JavaThread "HttpClient-2-SelectorManager" daemon [_thread_in_native, id=38520, stack(0x0000000cd2000000,0x0000000cd2100000)]
  0x000001434de3dbb0 JavaThread "JdkHttpClient-1-0" daemon [_thread_blocked, id=18824, stack(0x0000000cd2100000,0x0000000cd2200000)]
  0x000001434de3c260 JavaThread "JdkHttpClient-1-1" daemon [_thread_blocked, id=23292, stack(0x0000000cd2200000,0x0000000cd2300000)]
  0x000001434de3c770 JavaThread "JdkHttpClient-1-2" daemon [_thread_blocked, id=31460, stack(0x0000000cd2300000,0x0000000cd2400000)]

Other Threads:
  0x00000143480be910 VMThread "VM Thread" [stack: 0x0000000ccfd00000,0x0000000ccfe00000] [id=36328]
  0x0000014348a98bd0 WatcherThread [stack: 0x0000000cd0800000,0x0000000cd0900000] [id=36368]
  0x000001432e9c61c0 GCTaskThread "GC Thread#0" [stack: 0x0000000ccf800000,0x0000000ccf900000] [id=36752]
  0x000001434dc987b0 GCTaskThread "GC Thread#1" [stack: 0x0000000cd0d00000,0x0000000cd0e00000] [id=38096]
  0x000001434dc67580 GCTaskThread "GC Thread#2" [stack: 0x0000000cd0e00000,0x0000000cd0f00000] [id=30332]
  0x000001434de17110 GCTaskThread "GC Thread#3" [stack: 0x0000000cd0f00000,0x0000000cd1000000] [id=37688]
  0x000001434da9ff10 GCTaskThread "GC Thread#4" [stack: 0x0000000cd1000000,0x0000000cd1100000] [id=27904]
  0x000001434dd21760 GCTaskThread "GC Thread#5" [stack: 0x0000000cd1100000,0x0000000cd1200000] [id=8196]
  0x000001434d981d60 GCTaskThread "GC Thread#6" [stack: 0x0000000cd1200000,0x0000000cd1300000] [id=36900]
  0x000001434dc883b0 GCTaskThread "GC Thread#7" [stack: 0x0000000cd1300000,0x0000000cd1400000] [id=6784]
  0x000001432e9d78d0 ConcurrentGCThread "G1 Main Marker" [stack: 0x0000000ccf900000,0x0000000ccfa00000] [id=13704]
  0x000001432e9d84d0 ConcurrentGCThread "G1 Conc#0" [stack: 0x0000000ccfa00000,0x0000000ccfb00000] [id=27396]
  0x000001434da97fa0 ConcurrentGCThread "G1 Conc#1" [stack: 0x0000000cd1400000,0x0000000cd1500000] [id=27236]
  0x0000014347f685e0 ConcurrentGCThread "G1 Refine#0" [stack: 0x0000000ccfb00000,0x0000000ccfc00000] [id=9064]
  0x0000014347f69cd0 ConcurrentGCThread "G1 Service" [stack: 0x0000000ccfc00000,0x0000000ccfd00000] [id=38772]

Threads with active compile tasks:
C2 CompilerThread0    36325 3608       4       java.util.TreeMap::put (8 bytes)

VM state: not at safepoint (normal execution)

VM Mutex/Monitor currently owned by a thread: None

Heap address: 0x0000000082800000, size: 2008 MB, Compressed Oops mode: 32-bit

CDS archive(s) not mapped
Compressed class space mapped at: 0x0000000100000000-0x0000000140000000, reserved size: 1073741824
Narrow klass base: 0x0000000000000000, Narrow klass shift: 3, Narrow klass range: 0x140000000

GC Precious Log:
 CPUs: 8 total, 8 available
 Memory: 8025M
 Large Page Support: Disabled
 NUMA Support: Disabled
 Compressed Oops: Enabled (32-bit)
 Heap Region Size: 1M
 Heap Min Capacity: 8M
 Heap Initial Capacity: 126M
 Heap Max Capacity: 2008M
 Pre-touch: Disabled
 Parallel Workers: 8
 Concurrent Workers: 2
 Concurrent Refinement Workers: 8
 Periodic GC: Disabled

Heap:
 garbage-first heap   total 37888K, used 22623K [0x0000000082800000, 0x0000000100000000)
  region size 1024K, 11 young (11264K), 2 survivors (2048K)
 Metaspace       used 32535K, committed 32896K, reserved 1114112K
  class space    used 3623K, committed 3776K, reserved 1048576K

Heap Regions: E=young(eden), S=young(survivor), O=old, HS=humongous(starts), HC=humongous(continues), CS=collection set, F=free, OA=open archive, CA=closed archive, TAMS=top-at-mark-start (previous, next)
|   0|0x0000000082800000, 0x0000000082900000, 0x0000000082900000|100%|HS|  |TAMS 0x0000000082900000, 0x0000000082800000| Complete 
|   1|0x0000000082900000, 0x0000000082a00000, 0x0000000082a00000|100%|HS|  |TAMS 0x0000000082a00000, 0x0000000082900000| Complete 
|   2|0x0000000082a00000, 0x0000000082b00000, 0x0000000082b00000|100%| O|  |TAMS 0x0000000082b00000, 0x0000000082a00000| Untracked 
|   3|0x0000000082b00000, 0x0000000082c00000, 0x0000000082c00000|100%| O|  |TAMS 0x0000000082ba5a00, 0x0000000082b00000| Untracked 
|   4|0x0000000082c00000, 0x0000000082d00000, 0x0000000082d00000|100%| O|  |TAMS 0x0000000082c00000, 0x0000000082c00000| Untracked 
|   5|0x0000000082d00000, 0x0000000082e00000, 0x0000000082e00000|100%| O|  |TAMS 0x0000000082d00000, 0x0000000082d00000| Untracked 
|   6|0x0000000082e00000, 0x0000000082f00000, 0x0000000082f00000|100%| O|  |TAMS 0x0000000082e00000, 0x0000000082e00000| Untracked 
|   7|0x0000000082f00000, 0x0000000083000000, 0x0000000083000000|100%| O|  |TAMS 0x0000000082f00000, 0x0000000082f00000| Untracked 
|   8|0x0000000083000000, 0x0000000083100000, 0x0000000083100000|100%| O|  |TAMS 0x0000000083000000, 0x0000000083000000| Untracked 
|   9|0x0000000083100000, 0x0000000083200000, 0x0000000083200000|100%| O|  |TAMS 0x0000000083100000, 0x0000000083100000| Untracked 
|  10|0x0000000083200000, 0x0000000083300000, 0x0000000083300000|100%| O|  |TAMS 0x0000000083200000, 0x0000000083200000| Untracked 
|  11|0x0000000083300000, 0x00000000833ee600, 0x0000000083400000| 93%| O|  |TAMS 0x0000000083300000, 0x0000000083300000| Untracked 
|  12|0x0000000083400000, 0x0000000083400000, 0x0000000083500000|  0%| F|  |TAMS 0x0000000083400000, 0x0000000083400000| Untracked 
|  13|0x0000000083500000, 0x0000000083500000, 0x0000000083600000|  0%| F|  |TAMS 0x0000000083500000, 0x0000000083500000| Untracked 
|  14|0x0000000083600000, 0x0000000083600000, 0x0000000083700000|  0%| F|  |TAMS 0x0000000083600000, 0x0000000083600000| Untracked 
|  15|0x0000000083700000, 0x0000000083800000, 0x0000000083800000|100%| O|  |TAMS 0x0000000083700000, 0x0000000083700000| Untracked 
|  16|0x0000000083800000, 0x0000000083800000, 0x0000000083900000|  0%| F|  |TAMS 0x0000000083800000, 0x0000000083800000| Untracked 
|  17|0x0000000083900000, 0x0000000083900000, 0x0000000083a00000|  0%| F|  |TAMS 0x0000000083900000, 0x0000000083900000| Untracked 
|  18|0x0000000083a00000, 0x0000000083a00000, 0x0000000083b00000|  0%| F|  |TAMS 0x0000000083a00000, 0x0000000083a00000| Untracked 
|  19|0x0000000083b00000, 0x0000000083b00000, 0x0000000083c00000|  0%| F|  |TAMS 0x0000000083b00000, 0x0000000083b00000| Untracked 
|  20|0x0000000083c00000, 0x0000000083c00000, 0x0000000083d00000|  0%| F|  |TAMS 0x0000000083c00000, 0x0000000083c00000| Untracked 
|  21|0x0000000083d00000, 0x0000000083d00000, 0x0000000083e00000|  0%| F|  |TAMS 0x0000000083d00000, 0x0000000083d00000| Untracked 
|  22|0x0000000083e00000, 0x0000000083e296a0, 0x0000000083f00000| 16%| S|CS|TAMS 0x0000000083e00000, 0x0000000083e00000| Complete 
|  23|0x0000000083f00000, 0x0000000084000000, 0x0000000084000000|100%| S|CS|TAMS 0x0000000083f00000, 0x0000000083f00000| Complete 
|  24|0x0000000084000000, 0x0000000084000000, 0x0000000084100000|  0%| F|  |TAMS 0x0000000084000000, 0x0000000084000000| Untracked 
|  25|0x0000000084100000, 0x0000000084100000, 0x0000000084200000|  0%| F|  |TAMS 0x0000000084100000, 0x0000000084100000| Untracked 
|  26|0x0000000084200000, 0x0000000084200000, 0x0000000084300000|  0%| F|  |TAMS 0x0000000084200000, 0x0000000084200000| Untracked 
|  27|0x0000000084300000, 0x0000000084300000, 0x0000000084400000|  0%| F|  |TAMS 0x0000000084300000, 0x0000000084300000| Untracked 
|  28|0x0000000084400000, 0x00000000844a4330, 0x0000000084500000| 64%| E|  |TAMS 0x0000000084400000, 0x0000000084400000| Complete 
|  29|0x0000000084500000, 0x0000000084600000, 0x0000000084600000|100%| E|CS|TAMS 0x0000000084500000, 0x0000000084500000| Complete 
|  30|0x0000000084600000, 0x0000000084700000, 0x0000000084700000|100%| E|CS|TAMS 0x0000000084600000, 0x0000000084600000| Complete 
|  31|0x0000000084700000, 0x0000000084800000, 0x0000000084800000|100%| E|CS|TAMS 0x0000000084700000, 0x0000000084700000| Complete 
|  32|0x0000000084800000, 0x0000000084900000, 0x0000000084900000|100%| E|CS|TAMS 0x0000000084800000, 0x0000000084800000| Complete 
| 108|0x0000000089400000, 0x0000000089500000, 0x0000000089500000|100%| E|CS|TAMS 0x0000000089400000, 0x0000000089400000| Complete 
| 109|0x0000000089500000, 0x0000000089600000, 0x0000000089600000|100%| E|CS|TAMS 0x0000000089500000, 0x0000000089500000| Complete 
| 110|0x0000000089600000, 0x0000000089700000, 0x0000000089700000|100%| E|CS|TAMS 0x0000000089600000, 0x0000000089600000| Complete 
| 125|0x000000008a500000, 0x000000008a600000, 0x000000008a600000|100%| E|CS|TAMS 0x000000008a500000, 0x000000008a500000| Complete 

Card table byte_map: [0x0000014341710000,0x0000014341b00000] _byte_map_base: 0x00000143412fc000

Marking Bits (Prev, Next): (CMBitMap*) 0x000001432e9c6630, (CMBitMap*) 0x000001432e9c65f0
 Prev Bits: [0x0000014343e50000, 0x0000014345db0000)
 Next Bits: [0x0000014341ef0000, 0x0000014343e50000)

Polling page: 0x000001432c740000

Metaspace:

Usage:
  Non-class:     28.23 MB used.
      Class:      3.54 MB used.
       Both:     31.77 MB used.

Virtual space:
  Non-class space:       64.00 MB reserved,      28.44 MB ( 44%) committed,  1 nodes.
      Class space:        1.00 GB reserved,       3.69 MB ( <1%) committed,  1 nodes.
             Both:        1.06 GB reserved,      32.12 MB (  3%) committed. 

Chunk freelists:
   Non-Class:  3.23 MB
       Class:  12.34 MB
        Both:  15.58 MB

MaxMetaspaceSize: unlimited
CompressedClassSpaceSize: 1.00 GB
Initial GC threshold: 21.00 MB
Current GC threshold: 35.25 MB
CDS: off
MetaspaceReclaimPolicy: balanced
 - commit_granule_bytes: 65536.
 - commit_granule_words: 8192.
 - virtual_space_node_default_size: 8388608.
 - enlarge_chunks_in_place: 1.
 - new_chunks_are_fully_committed: 0.
 - uncommit_free_chunks: 1.
 - use_allocation_guard: 0.
 - handle_deallocations: 1.


Internal statistics:

num_allocs_failed_limit: 3.
num_arena_births: 396.
num_arena_deaths: 0.
num_vsnodes_births: 2.
num_vsnodes_deaths: 0.
num_space_committed: 514.
num_space_uncommitted: 0.
num_chunks_returned_to_freelist: 3.
num_chunks_taken_from_freelist: 1082.
num_chunk_merges: 0.
num_chunk_splits: 683.
num_chunks_enlarged: 474.
num_inconsistent_stats: 0.

CodeHeap 'non-profiled nmethods': size=120000Kb used=1446Kb max_used=1446Kb free=118554Kb
 bounds [0x0000014339ac0000, 0x0000014339d30000, 0x0000014340ff0000]
CodeHeap 'profiled nmethods': size=120000Kb used=7325Kb max_used=7325Kb free=112674Kb
 bounds [0x0000014331ff0000, 0x0000014332720000, 0x0000014339520000]
CodeHeap 'non-nmethods': size=5760Kb used=1252Kb max_used=1297Kb free=4507Kb
 bounds [0x0000014339520000, 0x0000014339790000, 0x0000014339ac0000]
 total_blobs=4169 nmethods=3606 adapters=475
 compilation: enabled
              stopped_count=0, restarted_count=0
 full_count=0

Compilation events (20 events):
Event: 35.135 Thread 0x0000014348911f00 nmethod 3614 0x0000014332711c10 code [0x0000014332711dc0, 0x0000014332711fa8]
Event: 35.135 Thread 0x0000014348911f00 3602       3       java.util.regex.Pattern$BranchConn::match (11 bytes)
Event: 35.136 Thread 0x0000014348911f00 nmethod 3602 0x0000014332712090 code [0x0000014332712240, 0x0000014332712408]
Event: 35.136 Thread 0x0000014348911f00 3605       3       java.util.regex.Pattern$Ques::match (196 bytes)
Event: 35.136 Thread 0x0000014348911f00 nmethod 3605 0x0000014332712510 code [0x00000143327127a0, 0x00000143327134f8]
Event: 35.136 Thread 0x0000014348911f00 3615       1       org.openqa.selenium.remote.Command::getSessionId (5 bytes)
Event: 35.136 Thread 0x0000014348911f00 nmethod 3615 0x0000014339c26590 code [0x0000014339c26720, 0x0000014339c267f8]
Event: 35.136 Thread 0x0000014348911f00 3613       1       com.sun.org.apache.xerces.internal.jaxp.SAXParserFactoryImpl::getSchema (5 bytes)
Event: 35.136 Thread 0x0000014348911f00 nmethod 3613 0x0000014339c26890 code [0x0000014339c26a20, 0x0000014339c26af8]
Event: 35.145 Thread 0x0000014348911f00 3616   !   3       java.util.concurrent.CompletableFuture$UniCompose::tryFire (199 bytes)
Event: 35.147 Thread 0x0000014348911f00 nmethod 3616 0x0000014332713890 code [0x0000014332713c80, 0x00000143327159f8]
Event: 35.147 Thread 0x0000014348911f00 3617       3       java.lang.StringLatin1$CharsSpliterator::forEachRemaining (72 bytes)
Event: 35.148 Thread 0x0000014348911f00 nmethod 3617 0x0000014332716510 code [0x00000143327166e0, 0x0000014332716b78]
Event: 35.148 Thread 0x0000014348911f00 3618       3       java.util.concurrent.locks.LockSupport::parkNanos (29 bytes)
Event: 35.148 Thread 0x0000014348911f00 nmethod 3618 0x0000014332716d10 code [0x0000014332716ee0, 0x00000143327170e8]
Event: 35.151 Thread 0x000001434890b200 nmethod 3591 0x0000014339c26b90 code [0x0000014339c26d20, 0x0000014339c271f8]
Event: 35.151 Thread 0x000001434890b200 3585       4       org.apache.xmlbeans.impl.store.Cur$CurLoadContext::start (104 bytes)
Event: 35.159 Thread 0x000001434890b200 nmethod 3585 0x0000014339c27310 code [0x0000014339c274a0, 0x0000014339c27e18]
Event: 35.159 Thread 0x000001434890b200 3608       4       java.util.TreeMap::put (8 bytes)
Event: 35.160 Thread 0x000001434d8d6b40 nmethod 3584 0x0000014339c28010 code [0x0000014339c281e0, 0x0000014339c29068]

GC Heap History (12 events):
Event: 0.757 GC heap before
{Heap before GC invocations=0 (full 0):
 garbage-first heap   total 129024K, used 24576K [0x0000000082800000, 0x0000000100000000)
  region size 1024K, 23 young (23552K), 0 survivors (0K)
 Metaspace       used 15385K, committed 15744K, reserved 1114112K
  class space    used 1563K, committed 1728K, reserved 1048576K
}
Event: 0.761 GC heap after
{Heap after GC invocations=1 (full 0):
 garbage-first heap   total 129024K, used 6806K [0x0000000082800000, 0x0000000100000000)
  region size 1024K, 3 young (3072K), 3 survivors (3072K)
 Metaspace       used 15385K, committed 15744K, reserved 1114112K
  class space    used 1563K, committed 1728K, reserved 1048576K
}
Event: 1.850 GC heap before
{Heap before GC invocations=1 (full 0):
 garbage-first heap   total 129024K, used 21142K [0x0000000082800000, 0x0000000100000000)
  region size 1024K, 18 young (18432K), 3 survivors (3072K)
 Metaspace       used 21194K, committed 21504K, reserved 1114112K
  class space    used 2252K, committed 2432K, reserved 1048576K
}
Event: 1.854 GC heap after
{Heap after GC invocations=2 (full 0):
 garbage-first heap   total 129024K, used 9526K [0x0000000082800000, 0x0000000100000000)
  region size 1024K, 3 young (3072K), 3 survivors (3072K)
 Metaspace       used 21194K, committed 21504K, reserved 1114112K
  class space    used 2252K, committed 2432K, reserved 1048576K
}
Event: 6.388 GC heap before
{Heap before GC invocations=3 (full 0):
 garbage-first heap   total 37888K, used 26934K [0x0000000082800000, 0x0000000100000000)
  region size 1024K, 22 young (22528K), 3 survivors (3072K)
 Metaspace       used 25743K, committed 26112K, reserved 1114112K
  class space    used 2877K, committed 3072K, reserved 1048576K
}
Event: 6.392 GC heap after
{Heap after GC invocations=4 (full 0):
 garbage-first heap   total 37888K, used 11080K [0x0000000082800000, 0x0000000100000000)
  region size 1024K, 4 young (4096K), 4 survivors (4096K)
 Metaspace       used 25743K, committed 26112K, reserved 1114112K
  class space    used 2877K, committed 3072K, reserved 1048576K
}
Event: 26.671 GC heap before
{Heap before GC invocations=4 (full 0):
 garbage-first heap   total 37888K, used 12104K [0x0000000082800000, 0x0000000100000000)
  region size 1024K, 5 young (5120K), 4 survivors (4096K)
 Metaspace       used 25818K, committed 26176K, reserved 1114112K
  class space    used 2886K, committed 3072K, reserved 1048576K
}
Event: 26.675 GC heap after
{Heap after GC invocations=5 (full 0):
 garbage-first heap   total 37888K, used 11554K [0x0000000082800000, 0x0000000100000000)
  region size 1024K, 1 young (1024K), 1 survivors (1024K)
 Metaspace       used 25818K, committed 26176K, reserved 1114112K
  class space    used 2886K, committed 3072K, reserved 1048576K
}
Event: 27.760 GC heap before
{Heap before GC invocations=5 (full 0):
 garbage-first heap   total 37888K, used 25890K [0x0000000082800000, 0x0000000100000000)
  region size 1024K, 16 young (16384K), 1 survivors (1024K)
 Metaspace       used 29603K, committed 29952K, reserved 1114112K
  class space    used 3274K, committed 3456K, reserved 1048576K
}
Event: 27.763 GC heap after
{Heap after GC invocations=6 (full 0):
 garbage-first heap   total 37888K, used 13446K [0x0000000082800000, 0x0000000100000000)
  region size 1024K, 2 young (2048K), 2 survivors (2048K)
 Metaspace       used 29603K, committed 29952K, reserved 1114112K
  class space    used 3274K, committed 3456K, reserved 1048576K
}
Event: 28.456 GC heap before
{Heap before GC invocations=6 (full 0):
 garbage-first heap   total 37888K, used 26758K [0x0000000082800000, 0x0000000100000000)
  region size 1024K, 15 young (15360K), 2 survivors (2048K)
 Metaspace       used 32165K, committed 32512K, reserved 1114112K
  class space    used 3616K, committed 3776K, reserved 1048576K
}
Event: 28.474 GC heap after
{Heap after GC invocations=7 (full 0):
 garbage-first heap   total 37888K, used 14431K [0x0000000082800000, 0x0000000100000000)
  region size 1024K, 2 young (2048K), 2 survivors (2048K)
 Metaspace       used 32165K, committed 32512K, reserved 1114112K
  class space    used 3616K, committed 3776K, reserved 1048576K
}

Dll operation events (9 events):
Event: 0.007 Loaded shared library C:\Users\prashanta\.p2\pool\plugins\org.eclipse.justj.openjdk.hotspot.jre.full.win32.x86_64_17.0.9.v20231028-0858\jre\bin\java.dll
Event: 0.112 Loaded shared library C:\Users\prashanta\.p2\pool\plugins\org.eclipse.justj.openjdk.hotspot.jre.full.win32.x86_64_17.0.9.v20231028-0858\jre\bin\net.dll
Event: 0.114 Loaded shared library C:\Users\prashanta\.p2\pool\plugins\org.eclipse.justj.openjdk.hotspot.jre.full.win32.x86_64_17.0.9.v20231028-0858\jre\bin\nio.dll
Event: 0.121 Loaded shared library C:\Users\prashanta\.p2\pool\plugins\org.eclipse.justj.openjdk.hotspot.jre.full.win32.x86_64_17.0.9.v20231028-0858\jre\bin\zip.dll
Event: 0.261 Loaded shared library C:\Users\prashanta\.p2\pool\plugins\org.eclipse.justj.openjdk.hotspot.jre.full.win32.x86_64_17.0.9.v20231028-0858\jre\bin\jimage.dll
Event: 0.284 Loaded shared library C:\Users\prashanta\.p2\pool\plugins\org.eclipse.justj.openjdk.hotspot.jre.full.win32.x86_64_17.0.9.v20231028-0858\jre\bin\verify.dll
Event: 0.840 Loaded shared library C:\Users\prashanta\.p2\pool\plugins\org.eclipse.justj.openjdk.hotspot.jre.full.win32.x86_64_17.0.9.v20231028-0858\jre\bin\management.dll
Event: 0.843 Loaded shared library C:\Users\prashanta\.p2\pool\plugins\org.eclipse.justj.openjdk.hotspot.jre.full.win32.x86_64_17.0.9.v20231028-0858\jre\bin\management_ext.dll
Event: 1.864 Loaded shared library C:\Users\prashanta\.p2\pool\plugins\org.eclipse.justj.openjdk.hotspot.jre.full.win32.x86_64_17.0.9.v20231028-0858\jre\bin\sunmscapi.dll

Deoptimization events (20 events):
Event: 28.250 Thread 0x000001432e964a80 Uncommon trap: trap_request=0xffffffde fr.pc=0x0000014339bb81d8 relative=0x0000000000000578
Event: 28.250 Thread 0x000001432e964a80 Uncommon trap: reason=class_check action=maybe_recompile pc=0x0000014339bb81d8 method=java.io.FilterInputStream.read()I @ 4 c2
Event: 28.250 Thread 0x000001432e964a80 DEOPT PACKING pc=0x0000014339bb81d8 sp=0x0000000ccf6fcce0
Event: 28.250 Thread 0x000001432e964a80 DEOPT UNPACKING pc=0x00000143395769a3 sp=0x0000000ccf6fccd0 mode 2
Event: 28.250 Thread 0x000001432e964a80 Uncommon trap: trap_request=0xffffffde fr.pc=0x0000014339bb81d8 relative=0x0000000000000578
Event: 28.250 Thread 0x000001432e964a80 Uncommon trap: reason=class_check action=maybe_recompile pc=0x0000014339bb81d8 method=java.io.FilterInputStream.read()I @ 4 c2
Event: 28.250 Thread 0x000001432e964a80 DEOPT PACKING pc=0x0000014339bb81d8 sp=0x0000000ccf6fcce0
Event: 28.250 Thread 0x000001432e964a80 DEOPT UNPACKING pc=0x00000143395769a3 sp=0x0000000ccf6fccd0 mode 2
Event: 28.454 Thread 0x000001432e964a80 DEOPT PACKING pc=0x00000143324c212e sp=0x0000000ccf6fc880
Event: 28.454 Thread 0x000001432e964a80 DEOPT UNPACKING pc=0x0000014339577143 sp=0x0000000ccf6fbd20 mode 0
Event: 28.553 Thread 0x000001432e964a80 DEOPT PACKING pc=0x00000143324c212e sp=0x0000000ccf6fc940
Event: 28.553 Thread 0x000001432e964a80 DEOPT UNPACKING pc=0x0000014339577143 sp=0x0000000ccf6fbde0 mode 0
Event: 35.085 Thread 0x000001432e964a80 Uncommon trap: trap_request=0xffffffcc fr.pc=0x0000014339c1de64 relative=0x0000000000000344
Event: 35.085 Thread 0x000001432e964a80 Uncommon trap: reason=intrinsic_or_type_checked_inlining action=make_not_entrant pc=0x0000014339c1de64 method=java.util.Arrays.copyOf([Ljava/lang/Object;ILjava/lang/Class;)[Ljava/lang/Object; @ 35 c2
Event: 35.085 Thread 0x000001432e964a80 DEOPT PACKING pc=0x0000014339c1de64 sp=0x0000000ccf6fcc10
Event: 35.085 Thread 0x000001432e964a80 DEOPT UNPACKING pc=0x00000143395769a3 sp=0x0000000ccf6fcba0 mode 2
Event: 35.097 Thread 0x000001432e964a80 Uncommon trap: trap_request=0xffffffde fr.pc=0x0000014339bfb880 relative=0x0000000000000160
Event: 35.097 Thread 0x000001432e964a80 Uncommon trap: reason=class_check action=maybe_recompile pc=0x0000014339bfb880 method=org.apache.xmlbeans.impl.store.CharUtil.isValid(Ljava/lang/Object;II)Z @ 64 c2
Event: 35.097 Thread 0x000001432e964a80 DEOPT PACKING pc=0x0000014339bfb880 sp=0x0000000ccf6fb640
Event: 35.097 Thread 0x000001432e964a80 DEOPT UNPACKING pc=0x00000143395769a3 sp=0x0000000ccf6fb5d0 mode 2

Classes unloaded (0 events):
No events

Classes redefined (0 events):
No events

Internal exceptions (20 events):
Event: 2.113 Thread 0x00000143488ad8f0 Exception <a 'java/net/ConnectException'{0x00000000846b1cd8}: Connection refused: no further information> (0x00000000846b1cd8) 
thrown [s\src\hotspot\share\prims\jni.cpp, line 535]
Event: 2.113 Thread 0x00000143488ad8f0 Exception <a 'java/net/SocketException'{0x00000000846b2010}: Socket is not connected: shutdown> (0x00000000846b2010) 
thrown [s\src\hotspot\share\prims\jni.cpp, line 535]
Event: 2.131 Thread 0x00000143488ad8f0 Exception <a 'java/net/ConnectException'{0x00000000846b3008}: Connection refused: no further information> (0x00000000846b3008) 
thrown [s\src\hotspot\share\prims\jni.cpp, line 535]
Event: 2.131 Thread 0x00000143488ad8f0 Exception <a 'java/net/SocketException'{0x00000000846b3340}: Socket is not connected: shutdown> (0x00000000846b3340) 
thrown [s\src\hotspot\share\prims\jni.cpp, line 535]
Event: 2.162 Thread 0x00000143488ad8f0 Exception <a 'java/net/ConnectException'{0x00000000846b4268}: Connection refused: no further information> (0x00000000846b4268) 
thrown [s\src\hotspot\share\prims\jni.cpp, line 535]
Event: 2.162 Thread 0x00000143488ad8f0 Exception <a 'java/net/SocketException'{0x00000000846b45a0}: Socket is not connected: shutdown> (0x00000000846b45a0) 
thrown [s\src\hotspot\share\prims\jni.cpp, line 535]
Event: 2.208 Thread 0x00000143488ad8f0 Exception <a 'java/net/ConnectException'{0x00000000846b54c8}: Connection refused: no further information> (0x00000000846b54c8) 
thrown [s\src\hotspot\share\prims\jni.cpp, line 535]
Event: 2.209 Thread 0x00000143488ad8f0 Exception <a 'java/net/SocketException'{0x00000000846b5800}: Socket is not connected: shutdown> (0x00000000846b5800) 
thrown [s\src\hotspot\share\prims\jni.cpp, line 535]
Event: 2.323 Thread 0x000001432e964a80 Exception <a 'java/lang/NoSuchMethodError'{0x000000008457a2a8}: 'java.lang.Object java.lang.invoke.DirectMethodHandle$Holder.newInvokeSpecial(java.lang.Object, java.lang.Object, int, int)'> (0x000000008457a2a8) 
thrown [s\src\hotspot\share\interpreter\linkResolver.cpp, line 759]
Event: 2.323 Thread 0x000001432e964a80 Exception <a 'java/lang/NoSuchMethodError'{0x0000000084585280}: 'void java.lang.invoke.DirectMethodHandle$Holder.invokeStatic(java.lang.Object, java.lang.Object, int)'> (0x0000000084585280) 
thrown [s\src\hotspot\share\interpreter\linkResolver.cpp, line 759]
Event: 2.356 Thread 0x00000143488ad3e0 Exception <a 'java/lang/NoSuchMethodError'{0x0000000084266430}: 'java.lang.Object java.lang.invoke.DirectMethodHandle$Holder.invokeSpecial(java.lang.Object, java.lang.Object, java.lang.Object, java.lang.Object, int)'> (0x0000000084266430) 
thrown [s\src\hotspot\share\interpreter\linkResolver.cpp, line 759]
Event: 2.356 Thread 0x00000143488ad3e0 Exception <a 'java/lang/NoSuchMethodError'{0x0000000084269ff8}: 'java.lang.Object java.lang.invoke.Invokers$Holder.linkToTargetMethod(java.lang.Object, java.lang.Object, int, java.lang.Object)'> (0x0000000084269ff8) 
thrown [s\src\hotspot\share\interpreter\linkResolver.cpp, line 759]
Event: 2.372 Thread 0x00000143488ad3e0 Exception <a 'java/lang/NoSuchMethodError'{0x00000000841b29a8}: 'void java.lang.invoke.DirectMethodHandle$Holder.invokeSpecial(java.lang.Object, java.lang.Object, java.lang.Object, java.lang.Object, java.lang.Object)'> (0x00000000841b29a8) 
thrown [s\src\hotspot\share\interpreter\linkResolver.cpp, line 759]
Event: 2.384 Thread 0x00000143488aa650 Exception <a 'java/lang/NoSuchMethodError'{0x0000000084068c98}: 'int java.lang.invoke.DirectMethodHandle$Holder.invokeSpecialIFC(java.lang.Object, java.lang.Object, java.lang.Object, java.lang.Object, java.lang.Object)'> (0x0000000084068c98) 
thrown [s\src\hotspot\share\interpreter\linkResolver.cpp, line 759]
Event: 3.295 Thread 0x00000143488aa650 Exception <a 'java/lang/NoSuchMethodError'{0x0000000083ff4e78}: 'java.lang.Object java.lang.invoke.DirectMethodHandle$Holder.newInvokeSpecial(java.lang.Object, java.lang.Object, long, java.lang.Object, java.lang.Object, java.lang.Object)'> (0x0000000083ff4e78) 
thrown [s\src\hotspot\share\interpreter\linkResolver.cpp, line 759]
Event: 3.297 Thread 0x00000143488aa650 Exception <a 'java/lang/NoSuchMethodError'{0x0000000083e1aee8}: 'void java.lang.invoke.DirectMethodHandle$Holder.invokeSpecial(java.lang.Object, java.lang.Object, java.lang.Object, java.lang.Object, java.lang.Object, java.lang.Object, java.lang.Object)'> (0x0000000083e1aee8) 
thrown [s\src\hotspot\share\interpreter\linkResolver.cpp, line 759]
Event: 3.304 Thread 0x000001432e964a80 Exception <a 'java/lang/NoSuchMethodError'{0x00000000844310e0}: 'java.lang.Object java.lang.invoke.DirectMethodHandle$Holder.invokeSpecialIFC(java.lang.Object, java.lang.Object, java.lang.Object)'> (0x00000000844310e0) 
thrown [s\src\hotspot\share\interpreter\linkResolver.cpp, line 759]
Event: 3.415 Thread 0x000001432e964a80 Exception <a 'java/lang/ClassNotFoundException'{0x0000000083985678}: sun/util/logging/resources/spi/loggingProvider> (0x0000000083985678) 
thrown [s\src\hotspot\share\classfile\systemDictionary.cpp, line 256]
Event: 27.350 Thread 0x000001432e964a80 Exception <a 'java/lang/NoSuchMethodError'{0x0000000084623480}: 'java.lang.Object java.lang.invoke.DirectMethodHandle$Holder.invokeStaticInit(java.lang.Object, java.lang.Object, java.lang.Object)'> (0x0000000084623480) 
thrown [s\src\hotspot\share\interpreter\linkResolver.cpp, line 759]
Event: 27.680 Thread 0x000001432e964a80 Implicit null exception at 0x0000014339b8aee0 to 0x0000014339b8af7a

VM Operations (20 events):
Event: 7.401 Executing VM operation: Cleanup
Event: 7.401 Executing VM operation: Cleanup done
Event: 26.540 Executing VM operation: Cleanup
Event: 26.540 Executing VM operation: Cleanup done
Event: 26.671 Executing VM operation: G1CollectForAllocation
Event: 26.675 Executing VM operation: G1CollectForAllocation done
Event: 27.681 Executing VM operation: Cleanup
Event: 27.681 Executing VM operation: Cleanup done
Event: 27.760 Executing VM operation: G1CollectForAllocation
Event: 27.763 Executing VM operation: G1CollectForAllocation done
Event: 28.174 Executing VM operation: HandshakeAllThreads
Event: 28.174 Executing VM operation: HandshakeAllThreads done
Event: 28.456 Executing VM operation: G1CollectForAllocation
Event: 28.474 Executing VM operation: G1CollectForAllocation done
Event: 30.489 Executing VM operation: Cleanup
Event: 30.489 Executing VM operation: Cleanup done
Event: 33.521 Executing VM operation: Cleanup
Event: 33.521 Executing VM operation: Cleanup done
Event: 35.538 Executing VM operation: Cleanup
Event: 35.538 Executing VM operation: Cleanup done

Events (20 events):
Event: 28.165 loading class java/nio/charset/Charset$ExtendedProviderHolder$1 done
Event: 28.173 loading class sun/nio/cs/DoubleByte$Decoder
Event: 28.174 loading class sun/nio/cs/DelegatableDecoder
Event: 28.174 loading class sun/nio/cs/DelegatableDecoder done
Event: 28.174 loading class sun/nio/cs/DoubleByte$Decoder done
Event: 28.174 loading class sun/nio/cs/DoubleByte$Encoder
Event: 28.174 loading class sun/nio/cs/DoubleByte$Encoder done
Event: 28.209 loading class java/util/TreeMap$AscendingSubMap
Event: 28.209 loading class java/util/TreeMap$NavigableSubMap
Event: 28.209 loading class java/util/TreeMap$NavigableSubMap done
Event: 28.209 loading class java/util/TreeMap$AscendingSubMap done
Event: 28.210 loading class java/util/TreeMap$NavigableSubMap$SubMapKeyIterator
Event: 28.210 loading class java/util/TreeMap$NavigableSubMap$SubMapIterator
Event: 28.210 loading class java/util/TreeMap$NavigableSubMap$SubMapIterator done
Event: 28.210 loading class java/util/TreeMap$NavigableSubMap$SubMapKeyIterator done
Event: 28.221 loading class jdk/internal/math/FDBigInteger
Event: 28.221 loading class jdk/internal/math/FDBigInteger done
Event: 28.943 Thread 0x000001434d8d85d0 Thread exited: 0x000001434d8d85d0
Event: 28.943 Thread 0x000001434d8d95c0 Thread exited: 0x000001434d8d95c0
Event: 35.099 Thread 0x000001434d8d6b40 Thread added: 0x000001434d8d6b40


Dynamic libraries:
0x00007ff648d10000 - 0x00007ff648d1e000 	C:\Users\prashanta\.p2\pool\plugins\org.eclipse.justj.openjdk.hotspot.jre.full.win32.x86_64_17.0.9.v20231028-0858\jre\bin\javaw.exe
0x00007ffc91e00000 - 0x00007ffc92065000 	C:\WINDOWS\SYSTEM32\ntdll.dll
0x00007ffc90840000 - 0x00007ffc90909000 	C:\WINDOWS\System32\KERNEL32.DLL
0x00007ffc8f3a0000 - 0x00007ffc8f788000 	C:\WINDOWS\System32\KERNELBASE.dll
0x00007ffc8ef50000 - 0x00007ffc8f09b000 	C:\WINDOWS\System32\ucrtbase.dll
0x00007ffc7c560000 - 0x00007ffc7c577000 	C:\Users\prashanta\.p2\pool\plugins\org.eclipse.justj.openjdk.hotspot.jre.full.win32.x86_64_17.0.9.v20231028-0858\jre\bin\jli.dll
0x00007ffc916e0000 - 0x00007ffc918aa000 	C:\WINDOWS\System32\USER32.dll
0x00007ffc8f2e0000 - 0x00007ffc8f307000 	C:\WINDOWS\System32\win32u.dll
0x00007ffc902e0000 - 0x00007ffc9030b000 	C:\WINDOWS\System32\GDI32.dll
0x00007ffc8f830000 - 0x00007ffc8f967000 	C:\WINDOWS\System32\gdi32full.dll
0x00007ffc8faf0000 - 0x00007ffc8fb93000 	C:\WINDOWS\System32\msvcp_win.dll
0x00007ffc7bc20000 - 0x00007ffc7bc3b000 	C:\Users\prashanta\.p2\pool\plugins\org.eclipse.justj.openjdk.hotspot.jre.full.win32.x86_64_17.0.9.v20231028-0858\jre\bin\VCRUNTIME140.dll
0x00007ffc788c0000 - 0x00007ffc78b5a000 	C:\WINDOWS\WinSxS\amd64_microsoft.windows.common-controls_6595b64144ccf1df_6.0.26100.4202_none_3e0698d4e335f517\COMCTL32.dll
0x00007ffc90620000 - 0x00007ffc906c9000 	C:\WINDOWS\System32\msvcrt.dll
0x00007ffc90790000 - 0x00007ffc907c0000 	C:\WINDOWS\System32\IMM32.DLL
0x00007ffc6a900000 - 0x00007ffc6aa5c000 	C:\Program Files (x86)\Citrix\ICA Client\ctxapclient64.dll
0x00007ffc8ff40000 - 0x00007ffc902c5000 	C:\WINDOWS\System32\combase.dll
0x00007ffc8fba0000 - 0x00007ffc8fcb5000 	C:\WINDOWS\System32\RPCRT4.dll
0x00007ffc84520000 - 0x00007ffc8452b000 	C:\WINDOWS\SYSTEM32\VERSION.dll
0x00007ffc8ee30000 - 0x00007ffc8ee56000 	C:\WINDOWS\SYSTEM32\bcrypt.dll
0x00007ffc8fcc0000 - 0x00007ffc8fd73000 	C:\WINDOWS\System32\ADVAPI32.dll
0x00007ffc90410000 - 0x00007ffc904b6000 	C:\WINDOWS\System32\sechost.dll
0x00007ffc8df10000 - 0x00007ffc8df46000 	C:\WINDOWS\SYSTEM32\ntmarta.dll
0x000001432c6a0000 - 0x000001432c739000 	C:\WINDOWS\System32\bcryptprimitives.dll
0x00007ffc83770000 - 0x00007ffc8377c000 	C:\Users\prashanta\.p2\pool\plugins\org.eclipse.justj.openjdk.hotspot.jre.full.win32.x86_64_17.0.9.v20231028-0858\jre\bin\vcruntime140_1.dll
0x00007ffc65ac0000 - 0x00007ffc65b4d000 	C:\Users\prashanta\.p2\pool\plugins\org.eclipse.justj.openjdk.hotspot.jre.full.win32.x86_64_17.0.9.v20231028-0858\jre\bin\msvcp140.dll
0x00007ffbe3e10000 - 0x00007ffbe4a71000 	C:\Users\prashanta\.p2\pool\plugins\org.eclipse.justj.openjdk.hotspot.jre.full.win32.x86_64_17.0.9.v20231028-0858\jre\bin\server\jvm.dll
0x00007ffc8db30000 - 0x00007ffc8db8e000 	C:\WINDOWS\SYSTEM32\POWRPROF.dll
0x00007ffc6e8d0000 - 0x00007ffc6e8da000 	C:\WINDOWS\SYSTEM32\WSOCK32.dll
0x00007ffc906d0000 - 0x00007ffc90744000 	C:\WINDOWS\System32\WS2_32.dll
0x00007ffc78d40000 - 0x00007ffc78d75000 	C:\WINDOWS\SYSTEM32\WINMM.dll
0x00007ffc8db10000 - 0x00007ffc8db24000 	C:\WINDOWS\SYSTEM32\UMPDC.dll
0x00007ffc8ddf0000 - 0x00007ffc8de0b000 	C:\WINDOWS\SYSTEM32\kernel.appcore.dll
0x00007ffc8bd10000 - 0x00007ffc8bd1a000 	C:\Users\prashanta\.p2\pool\plugins\org.eclipse.justj.openjdk.hotspot.jre.full.win32.x86_64_17.0.9.v20231028-0858\jre\bin\jimage.dll
0x00007ffc7d8e0000 - 0x00007ffc7db21000 	C:\WINDOWS\SYSTEM32\DBGHELP.DLL
0x00007ffc90bb0000 - 0x00007ffc90c91000 	C:\WINDOWS\System32\OLEAUT32.dll
0x00007ffc61ac0000 - 0x00007ffc61af9000 	C:\WINDOWS\SYSTEM32\dbgcore.DLL
0x00007ffc658e0000 - 0x00007ffc65905000 	C:\Users\prashanta\.p2\pool\plugins\org.eclipse.justj.openjdk.hotspot.jre.full.win32.x86_64_17.0.9.v20231028-0858\jre\bin\java.dll
0x00007ffc74520000 - 0x00007ffc74538000 	C:\Users\prashanta\.p2\pool\plugins\org.eclipse.justj.openjdk.hotspot.jre.full.win32.x86_64_17.0.9.v20231028-0858\jre\bin\zip.dll
0x00007ffc90ca0000 - 0x00007ffc913e2000 	C:\WINDOWS\System32\SHELL32.dll
0x00007ffc8f0a0000 - 0x00007ffc8f214000 	C:\WINDOWS\System32\wintypes.dll
0x00007ffc8c940000 - 0x00007ffc8d198000 	C:\WINDOWS\SYSTEM32\windows.storage.dll
0x00007ffc90310000 - 0x00007ffc90401000 	C:\WINDOWS\System32\SHCORE.dll
0x000001432e050000 - 0x000001432e0ba000 	C:\WINDOWS\System32\shlwapi.dll
0x00007ffc8ee60000 - 0x00007ffc8ee8f000 	C:\WINDOWS\SYSTEM32\profapi.dll
0x00007ffc64fa0000 - 0x00007ffc64fb9000 	C:\Users\prashanta\.p2\pool\plugins\org.eclipse.justj.openjdk.hotspot.jre.full.win32.x86_64_17.0.9.v20231028-0858\jre\bin\net.dll
0x00007ffc86fc0000 - 0x00007ffc870de000 	C:\WINDOWS\SYSTEM32\WINHTTP.dll
0x00007ffc8e340000 - 0x00007ffc8e3aa000 	C:\WINDOWS\system32\mswsock.dll
0x00007ffc62c70000 - 0x00007ffc62c86000 	C:\Users\prashanta\.p2\pool\plugins\org.eclipse.justj.openjdk.hotspot.jre.full.win32.x86_64_17.0.9.v20231028-0858\jre\bin\nio.dll
0x00007ffc8bd00000 - 0x00007ffc8bd10000 	C:\Users\prashanta\.p2\pool\plugins\org.eclipse.justj.openjdk.hotspot.jre.full.win32.x86_64_17.0.9.v20231028-0858\jre\bin\verify.dll
0x00007ffc8d520000 - 0x00007ffc8d647000 	C:\WINDOWS\SYSTEM32\DNSAPI.dll
0x00007ffc8d4e0000 - 0x00007ffc8d513000 	C:\WINDOWS\SYSTEM32\IPHLPAPI.DLL
0x00007ffc90780000 - 0x00007ffc9078a000 	C:\WINDOWS\System32\NSI.dll
0x00007ffc837c0000 - 0x00007ffc837cb000 	C:\Windows\System32\rasadhlp.dll
0x00007ffc891a0000 - 0x00007ffc89226000 	C:\WINDOWS\System32\fwpuclnt.dll
0x00007ffc8e720000 - 0x00007ffc8e73b000 	C:\WINDOWS\SYSTEM32\CRYPTSP.dll
0x00007ffc8dd50000 - 0x00007ffc8dd8a000 	C:\WINDOWS\system32\rsaenh.dll
0x00007ffc8e3e0000 - 0x00007ffc8e40b000 	C:\WINDOWS\SYSTEM32\USERENV.dll
0x00007ffc8e580000 - 0x00007ffc8e58c000 	C:\WINDOWS\SYSTEM32\CRYPTBASE.dll
0x00007ffc88e40000 - 0x00007ffc88e5f000 	C:\WINDOWS\SYSTEM32\dhcpcsvc6.DLL
0x00007ffc88e10000 - 0x00007ffc88e35000 	C:\WINDOWS\SYSTEM32\dhcpcsvc.DLL
0x00007ffc83630000 - 0x00007ffc83639000 	C:\Users\prashanta\.p2\pool\plugins\org.eclipse.justj.openjdk.hotspot.jre.full.win32.x86_64_17.0.9.v20231028-0858\jre\bin\management.dll
0x00007ffc7bbc0000 - 0x00007ffc7bbcb000 	C:\Users\prashanta\.p2\pool\plugins\org.eclipse.justj.openjdk.hotspot.jre.full.win32.x86_64_17.0.9.v20231028-0858\jre\bin\management_ext.dll
0x00007ffc8ff30000 - 0x00007ffc8ff38000 	C:\WINDOWS\System32\PSAPI.DLL
0x00007ffc83c70000 - 0x00007ffc83c7e000 	C:\Users\prashanta\.p2\pool\plugins\org.eclipse.justj.openjdk.hotspot.jre.full.win32.x86_64_17.0.9.v20231028-0858\jre\bin\sunmscapi.dll
0x00007ffc8f970000 - 0x00007ffc8fae7000 	C:\WINDOWS\System32\CRYPT32.dll
0x00007ffc8e870000 - 0x00007ffc8e8a0000 	C:\WINDOWS\SYSTEM32\ncrypt.dll
0x00007ffc8e820000 - 0x00007ffc8e85f000 	C:\WINDOWS\SYSTEM32\NTASN1.dll
0x00007ffc885c0000 - 0x00007ffc885c8000 	C:\WINDOWS\system32\wshunix.dll

dbghelp: loaded successfully - version: 4.0.5 - missing functions: none
symbol engine: initialized successfully - sym options: 0x614 - pdb path: .;C:\Users\prashanta\.p2\pool\plugins\org.eclipse.justj.openjdk.hotspot.jre.full.win32.x86_64_17.0.9.v20231028-0858\jre\bin;C:\WINDOWS\SYSTEM32;C:\WINDOWS\WinSxS\amd64_microsoft.windows.common-controls_6595b64144ccf1df_6.0.26100.4202_none_3e0698d4e335f517;C:\Program Files (x86)\Citrix\ICA Client;C:\Users\prashanta\.p2\pool\plugins\org.eclipse.justj.openjdk.hotspot.jre.full.win32.x86_64_17.0.9.v20231028-0858\jre\bin\server

VM Arguments:
jvm_args: -ea -Dfile.encoding=UTF-8 -Dstdout.encoding=UTF-8 -Dstderr.encoding=UTF-8 -XX:+ShowCodeDetailsInExceptionMessages 
java_command: org.testng.remote.RemoteTestNG -serport 65350 -protocol json -d C:\Users\prashanta\eclipse-workspace\Automation\Advanced_Selenium\test-output C:\Users\PRASHA~1\AppData\Local\Temp\testng-eclipse--1502985398\testng-customsuite.xml
java_class_path (initial): C:\Users\prashanta\eclipse\java-2023-12\eclipse\configuration\org.eclipse.osgi\611\0\.cp\lib\testng-remote.jar;C:\Users\prashanta\eclipse-workspace\Automation\Advanced_Selenium\target\test-classes;C:\Users\prashanta\eclipse-workspace\Automation\Advanced_Selenium\target\classes;C:\Users\prashanta\.m2\repository\org\seleniumhq\selenium\selenium-java\4.32.0\selenium-java-4.32.0.jar;C:\Users\prashanta\.m2\repository\org\seleniumhq\selenium\selenium-api\4.32.0\selenium-api-4.32.0.jar;C:\Users\prashanta\.m2\repository\org\jspecify\jspecify\1.0.0\jspecify-1.0.0.jar;C:\Users\prashanta\.m2\repository\org\seleniumhq\selenium\selenium-chrome-driver\4.32.0\selenium-chrome-driver-4.32.0.jar;C:\Users\prashanta\.m2\repository\com\google\auto\service\auto-service-annotations\1.1.1\auto-service-annotations-1.1.1.jar;C:\Users\prashanta\.m2\repository\org\seleniumhq\selenium\selenium-chromium-driver\4.32.0\selenium-chromium-driver-4.32.0.jar;C:\Users\prashanta\.m2\repository\org\seleniumhq\selenium\selenium-json\4.32.0\selenium-json-4.32.0.jar;C:\Users\prashanta\.m2\repository\org\seleniumhq\selenium\selenium-manager\4.32.0\selenium-manager-4.32.0.jar;C:\Users\prashanta\.m2\repository\org\seleniumhq\selenium\selenium-devtools-v134\4.32.0\selenium-devtools-v134-4.32.0.jar;C:\Users\prashanta\.m2\repository\org\seleniumhq\selenium\selenium-devtools-v135\4.32.0\selenium-devtools-v135-4.32.0.jar;C:\Users\prashanta\.m2\repository\org\seleniumhq\selenium\selenium-devtools-v136\4.32.0\selenium-devtools-v136-4.32.0.jar;C:\Users\prashanta\.m2\repository\org\seleniumhq\selenium\selenium-edge-driver\4.32.0\selenium-edge-driver-4.32.0.jar;C:\Users\prashanta\.m2\repository\org\seleniumhq\selenium\selenium-firefox-driver\4.32.0\selenium-firefox-driver-4.32.0.jar;C:\Users\prashanta\.m2\repository\org\seleniumhq\selenium\selenium-http\4.32.0\selenium-http-4.32.0.jar;C:\Users\prashanta\.m2\repository\org\seleniumhq\selenium\selenium-ie-driver\4.32.0\selenium-ie-driver-4.32.
Launcher Type: SUN_STANDARD

[Global flags]
     intx CICompilerCount                          = 4                                         {product} {ergonomic}
     uint ConcGCThreads                            = 2                                         {product} {ergonomic}
     uint G1ConcRefinementThreads                  = 8                                         {product} {ergonomic}
   size_t G1HeapRegionSize                         = 1048576                                   {product} {ergonomic}
    uintx GCDrainStackTargetSize                   = 64                                        {product} {ergonomic}
   size_t InitialHeapSize                          = 132120576                                 {product} {ergonomic}
   size_t MarkStackSize                            = 4194304                                   {product} {ergonomic}
   size_t MaxHeapSize                              = 2105540608                                {product} {ergonomic}
   size_t MaxNewSize                               = 1262485504                                {product} {ergonomic}
   size_t MinHeapDeltaBytes                        = 1048576                                   {product} {ergonomic}
   size_t MinHeapSize                              = 8388608                                   {product} {ergonomic}
    uintx NonNMethodCodeHeapSize                   = 5839372                                {pd product} {ergonomic}
    uintx NonProfiledCodeHeapSize                  = 122909434                              {pd product} {ergonomic}
    uintx ProfiledCodeHeapSize                     = 122909434                              {pd product} {ergonomic}
    uintx ReservedCodeCacheSize                    = 251658240                              {pd product} {ergonomic}
     bool SegmentedCodeCache                       = true                                      {product} {ergonomic}
     bool ShowCodeDetailsInExceptionMessages       = true                                   {manageable} {command line}
   size_t SoftMaxHeapSize                          = 2105540608                             {manageable} {ergonomic}
     bool UseCompressedClassPointers               = true                           {product lp64_product} {ergonomic}
     bool UseCompressedOops                        = true                           {product lp64_product} {ergonomic}
     bool UseG1GC                                  = true                                      {product} {ergonomic}
     bool UseLargePagesIndividualAllocation        = false                                  {pd product} {ergonomic}

Logging:
Log output configuration:
 #0: stdout all=warning uptime,level,tags
 #1: stderr all=off uptime,level,tags

Environment Variables:
JAVA_HOME=C:\Program Files\Java\jdk-21\
PATH=C:/Users/prashanta/.p2/pool/plugins/org.eclipse.justj.openjdk.hotspot.jre.full.win32.x86_64_17.0.9.v20231028-0858/jre/bin/server;C:/Users/prashanta/.p2/pool/plugins/org.eclipse.justj.openjdk.hotspot.jre.full.win32.x86_64_17.0.9.v20231028-0858/jre/bin;C:\Program Files\Common Files\Oracle\Java\javapath;C:\WINDOWS\system32;C:\WINDOWS;C:\WINDOWS\System32\Wbem;C:\WINDOWS\System32\WindowsPowerShell\v1.0\;C:\WINDOWS\System32\OpenSSH\;C:\Program Files (x86)\Microsoft SQL Server\160\DTS\Binn\;C:\Program Files\Azure Data Studio\bin;C:\Program Files\Java\jdk-21\bin;C:\Users\prashanta\AppData\Local\Microsoft\WindowsApps;;C:\Program Files\Azure Data Studio\bin;C:\WINDOWS\system32;
USERNAME=prashanta
OS=Windows_NT
PROCESSOR_IDENTIFIER=Intel64 Family 6 Model 142 Stepping 12, GenuineIntel
TMP=C:\Users\PRASHA~1\AppData\Local\Temp
TEMP=C:\Users\PRASHA~1\AppData\Local\Temp



Periodic native trim disabled


---------------  S Y S T E M  ---------------

OS:
 Windows 11 , 64 bit Build 26100 (10.0.26100.4202)
OS uptime: 9 days 11:55 hours
Hyper-V role detected

CPU: total 8 (initial active 8) (4 cores per cpu, 2 threads per core) family 6 model 142 stepping 12 microcode 0xec, cx8, cmov, fxsr, ht, mmx, 3dnowpref, sse, sse2, sse3, ssse3, sse4.1, sse4.2, popcnt, lzcnt, tsc, tscinvbit, avx, avx2, aes, erms, clmul, bmi1, bmi2, adx, fma, vzeroupper, clflush, clflushopt, hv
Processor Information for all 8 processors :
  Max Mhz: 2112, Current Mhz: 1609, Mhz Limit: 1605

Memory: 4k page, system-wide physical 8025M (744M free)
TotalPageFile size 18777M (AvailPageFile size 7M)
current process WorkingSet (physical memory assigned to process): 138M, peak: 144M
current process commit charge ("private bytes"): 168M, peak: 245M

vm_info: OpenJDK 64-Bit Server VM (17.0.9+9) for windows-amd64 JRE (17.0.9+9), built on Oct 26 2023 14:01:42 by "admin" with MS VC++ 16.10 / 16.11 (VS2019)

END.
